mode: set
github.com/bruin-data/dac/pkg/dashboard/loader.go:13.48,15.16 2 1
github.com/bruin-data/dac/pkg/dashboard/loader.go:15.16,17.3 1 1
github.com/bruin-data/dac/pkg/dashboard/loader.go:19.2,20.32 2 1
github.com/bruin-data/dac/pkg/dashboard/loader.go:20.32,21.20 1 1
github.com/bruin-data/dac/pkg/dashboard/loader.go:21.20,22.12 1 1
github.com/bruin-data/dac/pkg/dashboard/loader.go:24.3,24.32 1 1
github.com/bruin-data/dac/pkg/dashboard/loader.go:24.32,25.12 1 1
github.com/bruin-data/dac/pkg/dashboard/loader.go:27.3,27.43 1 1
github.com/bruin-data/dac/pkg/dashboard/loader.go:27.43,28.12 1 0
github.com/bruin-data/dac/pkg/dashboard/loader.go:31.3,33.17 3 1
github.com/bruin-data/dac/pkg/dashboard/loader.go:33.17,35.4 1 0
github.com/bruin-data/dac/pkg/dashboard/loader.go:36.3,36.37 1 1
github.com/bruin-data/dac/pkg/dashboard/loader.go:39.2,39.24 1 1
github.com/bruin-data/dac/pkg/dashboard/loader.go:43.48,45.16 2 1
github.com/bruin-data/dac/pkg/dashboard/loader.go:45.16,47.3 1 1
github.com/bruin-data/dac/pkg/dashboard/loader.go:49.2,50.49 2 1
github.com/bruin-data/dac/pkg/dashboard/loader.go:50.49,52.3 1 0
github.com/bruin-data/dac/pkg/dashboard/loader.go:54.2,58.51 3 1
github.com/bruin-data/dac/pkg/dashboard/loader.go:58.51,60.3 1 0
github.com/bruin-data/dac/pkg/dashboard/loader.go:63.2,63.29 1 1
github.com/bruin-data/dac/pkg/dashboard/loader.go:63.29,64.33 1 1
github.com/bruin-data/dac/pkg/dashboard/loader.go:64.33,69.50 1 1
github.com/bruin-data/dac/pkg/dashboard/loader.go:69.50,70.49 1 1
github.com/bruin-data/dac/pkg/dashboard/loader.go:70.49,71.19 1 1
github.com/bruin-data/dac/pkg/dashboard/loader.go:71.19,73.7 1 1
github.com/bruin-data/dac/pkg/dashboard/loader.go:75.5,75.22 1 1
github.com/bruin-data/dac/pkg/dashboard/loader.go:75.22,77.6 1 1
github.com/bruin-data/dac/pkg/dashboard/loader.go:82.2,82.16 1 1
github.com/bruin-data/dac/pkg/dashboard/loader.go:86.60,88.33 1 1
github.com/bruin-data/dac/pkg/dashboard/loader.go:88.33,89.19 1 1
github.com/bruin-data/dac/pkg/dashboard/loader.go:89.19,91.18 2 1
github.com/bruin-data/dac/pkg/dashboard/loader.go:91.18,93.5 1 0
github.com/bruin-data/dac/pkg/dashboard/loader.go:94.4,95.23 2 1
github.com/bruin-data/dac/pkg/dashboard/loader.go:100.2,100.29 1 1
github.com/bruin-data/dac/pkg/dashboard/loader.go:100.29,101.33 1 1
github.com/bruin-data/dac/pkg/dashboard/loader.go:101.33,102.40 1 1
github.com/bruin-data/dac/pkg/dashboard/loader.go:102.40,104.19 2 1
github.com/bruin-data/dac/pkg/dashboard/loader.go:104.19,106.6 1 0
github.com/bruin-data/dac/pkg/dashboard/loader.go:107.5,107.35 1 1
github.com/bruin-data/dac/pkg/dashboard/loader.go:112.2,112.12 1 1
github.com/bruin-data/dac/pkg/dashboard/loader.go:115.61,118.16 3 1
github.com/bruin-data/dac/pkg/dashboard/loader.go:118.16,120.3 1 0
github.com/bruin-data/dac/pkg/dashboard/loader.go:121.2,121.26 1 1
github.com/bruin-data/dac/pkg/dashboard/loader.go:124.35,127.2 2 1
github.com/bruin-data/dac/pkg/dashboard/metrics.go:25.111,28.21 2 1
github.com/bruin-data/dac/pkg/dashboard/metrics.go:28.21,30.3 1 1
github.com/bruin-data/dac/pkg/dashboard/metrics.go:32.2,33.29 2 1
github.com/bruin-data/dac/pkg/dashboard/metrics.go:33.29,36.17 3 1
github.com/bruin-data/dac/pkg/dashboard/metrics.go:36.17,38.4 1 0
github.com/bruin-data/dac/pkg/dashboard/metrics.go:39.3,39.34 1 1
github.com/bruin-data/dac/pkg/dashboard/metrics.go:42.2,48.63 6 1
github.com/bruin-data/dac/pkg/dashboard/metrics.go:48.63,51.3 2 1
github.com/bruin-data/dac/pkg/dashboard/metrics.go:53.2,53.25 1 1
github.com/bruin-data/dac/pkg/dashboard/metrics.go:57.63,59.31 2 1
github.com/bruin-data/dac/pkg/dashboard/metrics.go:59.31,60.24 1 1
github.com/bruin-data/dac/pkg/dashboard/metrics.go:60.24,62.4 1 1
github.com/bruin-data/dac/pkg/dashboard/metrics.go:64.2,65.14 2 1
github.com/bruin-data/dac/pkg/dashboard/metrics.go:69.60,71.31 2 1
github.com/bruin-data/dac/pkg/dashboard/metrics.go:71.31,72.23 1 1
github.com/bruin-data/dac/pkg/dashboard/metrics.go:72.23,74.4 1 1
github.com/bruin-data/dac/pkg/dashboard/metrics.go:76.2,77.14 2 1
github.com/bruin-data/dac/pkg/dashboard/metrics.go:82.167,83.27 1 1
github.com/bruin-data/dac/pkg/dashboard/metrics.go:83.27,85.3 1 1
github.com/bruin-data/dac/pkg/dashboard/metrics.go:87.2,91.64 3 1
github.com/bruin-data/dac/pkg/dashboard/metrics.go:91.64,93.3 1 1
github.com/bruin-data/dac/pkg/dashboard/metrics.go:95.2,97.35 2 1
github.com/bruin-data/dac/pkg/dashboard/metrics.go:97.35,99.10 2 1
github.com/bruin-data/dac/pkg/dashboard/metrics.go:99.10,101.4 1 1
github.com/bruin-data/dac/pkg/dashboard/metrics.go:102.3,102.23 1 1
github.com/bruin-data/dac/pkg/dashboard/metrics.go:102.23,106.18 2 1
github.com/bruin-data/dac/pkg/dashboard/metrics.go:106.18,108.5 1 0
github.com/bruin-data/dac/pkg/dashboard/metrics.go:109.4,109.69 1 1
github.com/bruin-data/dac/pkg/dashboard/metrics.go:110.9,112.18 2 1
github.com/bruin-data/dac/pkg/dashboard/metrics.go:112.18,114.5 1 0
github.com/bruin-data/dac/pkg/dashboard/metrics.go:115.4,115.35 1 1
github.com/bruin-data/dac/pkg/dashboard/metrics.go:119.2,125.63 6 1
github.com/bruin-data/dac/pkg/dashboard/metrics.go:125.63,128.3 2 1
github.com/bruin-data/dac/pkg/dashboard/metrics.go:130.2,132.18 2 1
github.com/bruin-data/dac/pkg/dashboard/metrics.go:132.18,134.3 1 1
github.com/bruin-data/dac/pkg/dashboard/metrics.go:134.8,136.3 1 1
github.com/bruin-data/dac/pkg/dashboard/metrics.go:138.2,138.15 1 1
github.com/bruin-data/dac/pkg/dashboard/metrics.go:138.15,140.3 1 1
github.com/bruin-data/dac/pkg/dashboard/metrics.go:142.2,142.25 1 1
github.com/bruin-data/dac/pkg/dashboard/metrics.go:147.46,148.56 1 1
github.com/bruin-data/dac/pkg/dashboard/metrics.go:148.56,150.3 1 1
github.com/bruin-data/dac/pkg/dashboard/metrics.go:151.2,151.18 1 1
github.com/bruin-data/dac/pkg/dashboard/metrics.go:158.81,161.34 2 1
github.com/bruin-data/dac/pkg/dashboard/metrics.go:161.34,162.23 1 1
github.com/bruin-data/dac/pkg/dashboard/metrics.go:162.23,163.12 1 1
github.com/bruin-data/dac/pkg/dashboard/metrics.go:165.3,166.17 2 1
github.com/bruin-data/dac/pkg/dashboard/metrics.go:166.17,168.4 1 0
github.com/bruin-data/dac/pkg/dashboard/metrics.go:169.3,169.21 1 1
github.com/bruin-data/dac/pkg/dashboard/metrics.go:174.2,176.22 3 1
github.com/bruin-data/dac/pkg/dashboard/metrics.go:176.22,178.40 2 1
github.com/bruin-data/dac/pkg/dashboard/metrics.go:178.40,180.24 2 1
github.com/bruin-data/dac/pkg/dashboard/metrics.go:180.24,182.79 2 1
github.com/bruin-data/dac/pkg/dashboard/metrics.go:182.79,184.6 1 1
github.com/bruin-data/dac/pkg/dashboard/metrics.go:184.11,185.11 1 1
github.com/bruin-data/dac/pkg/dashboard/metrics.go:188.4,190.11 3 1
github.com/bruin-data/dac/pkg/dashboard/metrics.go:190.11,192.5 1 1
github.com/bruin-data/dac/pkg/dashboard/metrics.go:193.4,193.27 1 1
github.com/bruin-data/dac/pkg/dashboard/metrics.go:194.9,194.23 1 1
github.com/bruin-data/dac/pkg/dashboard/metrics.go:194.23,200.44 3 1
github.com/bruin-data/dac/pkg/dashboard/metrics.go:200.44,202.5 1 1
github.com/bruin-data/dac/pkg/dashboard/metrics.go:203.4,203.43 1 1
github.com/bruin-data/dac/pkg/dashboard/metrics.go:203.43,207.25 3 1
github.com/bruin-data/dac/pkg/dashboard/metrics.go:207.25,208.26 1 1
github.com/bruin-data/dac/pkg/dashboard/metrics.go:208.26,210.7 1 1
github.com/bruin-data/dac/pkg/dashboard/metrics.go:210.12,210.33 1 1
github.com/bruin-data/dac/pkg/dashboard/metrics.go:210.33,212.21 2 1
github.com/bruin-data/dac/pkg/dashboard/metrics.go:212.21,214.13 2 1
github.com/bruin-data/dac/pkg/dashboard/metrics.go:217.6,217.11 1 1
github.com/bruin-data/dac/pkg/dashboard/metrics.go:219.5,221.19 3 1
github.com/bruin-data/dac/pkg/dashboard/metrics.go:221.19,223.6 1 0
github.com/bruin-data/dac/pkg/dashboard/metrics.go:224.5,226.28 3 1
github.com/bruin-data/dac/pkg/dashboard/metrics.go:227.10,227.89 1 1
github.com/bruin-data/dac/pkg/dashboard/metrics.go:227.89,230.25 2 1
github.com/bruin-data/dac/pkg/dashboard/metrics.go:230.25,232.80 2 1
github.com/bruin-data/dac/pkg/dashboard/metrics.go:232.80,234.7 1 1
github.com/bruin-data/dac/pkg/dashboard/metrics.go:234.12,235.12 1 0
github.com/bruin-data/dac/pkg/dashboard/metrics.go:238.5,240.12 3 1
github.com/bruin-data/dac/pkg/dashboard/metrics.go:240.12,242.6 1 0
github.com/bruin-data/dac/pkg/dashboard/metrics.go:243.5,243.28 1 1
github.com/bruin-data/dac/pkg/dashboard/metrics.go:244.10,244.92 1 1
github.com/bruin-data/dac/pkg/dashboard/metrics.go:244.92,246.87 1 1
github.com/bruin-data/dac/pkg/dashboard/metrics.go:246.87,249.6 2 1
github.com/bruin-data/dac/pkg/dashboard/metrics.go:250.10,252.5 1 0
github.com/bruin-data/dac/pkg/dashboard/metrics.go:253.4,253.30 1 1
github.com/bruin-data/dac/pkg/dashboard/metrics.go:254.9,257.4 2 1
github.com/bruin-data/dac/pkg/dashboard/metrics.go:259.2,259.29 1 1
github.com/bruin-data/dac/pkg/dashboard/metrics.go:263.50,267.21 3 1
github.com/bruin-data/dac/pkg/dashboard/metrics.go:268.15,269.16 1 1
github.com/bruin-data/dac/pkg/dashboard/metrics.go:269.16,271.4 1 1
github.com/bruin-data/dac/pkg/dashboard/metrics.go:272.3,272.25 1 1
github.com/bruin-data/dac/pkg/dashboard/metrics.go:273.24,274.21 1 1
github.com/bruin-data/dac/pkg/dashboard/metrics.go:274.21,276.4 1 0
github.com/bruin-data/dac/pkg/dashboard/metrics.go:277.3,277.16 1 1
github.com/bruin-data/dac/pkg/dashboard/metrics.go:277.16,279.4 1 0
github.com/bruin-data/dac/pkg/dashboard/metrics.go:280.3,280.58 1 1
github.com/bruin-data/dac/pkg/dashboard/metrics.go:281.13,282.21 1 1
github.com/bruin-data/dac/pkg/dashboard/metrics.go:282.21,284.4 1 0
github.com/bruin-data/dac/pkg/dashboard/metrics.go:285.3,285.16 1 1
github.com/bruin-data/dac/pkg/dashboard/metrics.go:285.16,287.4 1 0
github.com/bruin-data/dac/pkg/dashboard/metrics.go:288.3,288.47 1 1
github.com/bruin-data/dac/pkg/dashboard/metrics.go:289.13,290.21 1 0
github.com/bruin-data/dac/pkg/dashboard/metrics.go:290.21,292.4 1 0
github.com/bruin-data/dac/pkg/dashboard/metrics.go:293.3,293.16 1 0
github.com/bruin-data/dac/pkg/dashboard/metrics.go:293.16,295.4 1 0
github.com/bruin-data/dac/pkg/dashboard/metrics.go:296.3,296.47 1 0
github.com/bruin-data/dac/pkg/dashboard/metrics.go:297.13,298.21 1 0
github.com/bruin-data/dac/pkg/dashboard/metrics.go:298.21,300.4 1 0
github.com/bruin-data/dac/pkg/dashboard/metrics.go:301.3,301.16 1 0
github.com/bruin-data/dac/pkg/dashboard/metrics.go:301.16,303.4 1 0
github.com/bruin-data/dac/pkg/dashboard/metrics.go:304.3,304.47 1 0
github.com/bruin-data/dac/pkg/dashboard/metrics.go:305.13,306.21 1 0
github.com/bruin-data/dac/pkg/dashboard/metrics.go:306.21,308.4 1 0
github.com/bruin-data/dac/pkg/dashboard/metrics.go:309.3,309.16 1 0
github.com/bruin-data/dac/pkg/dashboard/metrics.go:309.16,311.4 1 0
github.com/bruin-data/dac/pkg/dashboard/metrics.go:312.3,312.47 1 0
github.com/bruin-data/dac/pkg/dashboard/metrics.go:313.10,314.61 1 0
github.com/bruin-data/dac/pkg/dashboard/metrics.go:318.61,322.21 3 1
github.com/bruin-data/dac/pkg/dashboard/metrics.go:323.15,324.16 1 1
github.com/bruin-data/dac/pkg/dashboard/metrics.go:324.16,326.4 1 1
github.com/bruin-data/dac/pkg/dashboard/metrics.go:327.3,327.51 1 1
github.com/bruin-data/dac/pkg/dashboard/metrics.go:329.24,330.21 1 1
github.com/bruin-data/dac/pkg/dashboard/metrics.go:330.21,332.4 1 1
github.com/bruin-data/dac/pkg/dashboard/metrics.go:333.3,333.16 1 1
github.com/bruin-data/dac/pkg/dashboard/metrics.go:333.16,335.4 1 1
github.com/bruin-data/dac/pkg/dashboard/metrics.go:336.3,336.71 1 1
github.com/bruin-data/dac/pkg/dashboard/metrics.go:338.13,339.21 1 1
github.com/bruin-data/dac/pkg/dashboard/metrics.go:339.21,341.4 1 1
github.com/bruin-data/dac/pkg/dashboard/metrics.go:342.3,342.16 1 1
github.com/bruin-data/dac/pkg/dashboard/metrics.go:342.16,344.4 1 1
github.com/bruin-data/dac/pkg/dashboard/metrics.go:345.3,345.60 1 1
github.com/bruin-data/dac/pkg/dashboard/metrics.go:347.13,348.21 1 1
github.com/bruin-data/dac/pkg/dashboard/metrics.go:348.21,350.4 1 1
github.com/bruin-data/dac/pkg/dashboard/metrics.go:351.3,351.16 1 1
github.com/bruin-data/dac/pkg/dashboard/metrics.go:351.16,353.4 1 1
github.com/bruin-data/dac/pkg/dashboard/metrics.go:354.3,354.60 1 1
github.com/bruin-data/dac/pkg/dashboard/metrics.go:356.13,357.21 1 1
github.com/bruin-data/dac/pkg/dashboard/metrics.go:357.21,359.4 1 1
github.com/bruin-data/dac/pkg/dashboard/metrics.go:360.3,360.16 1 1
github.com/bruin-data/dac/pkg/dashboard/metrics.go:360.16,362.4 1 1
github.com/bruin-data/dac/pkg/dashboard/metrics.go:363.3,363.60 1 1
github.com/bruin-data/dac/pkg/dashboard/metrics.go:365.13,366.21 1 1
github.com/bruin-data/dac/pkg/dashboard/metrics.go:366.21,368.4 1 1
github.com/bruin-data/dac/pkg/dashboard/metrics.go:369.3,369.16 1 1
github.com/bruin-data/dac/pkg/dashboard/metrics.go:369.16,371.4 1 1
github.com/bruin-data/dac/pkg/dashboard/metrics.go:372.3,372.60 1 1
github.com/bruin-data/dac/pkg/dashboard/metrics.go:374.10,375.79 1 1
github.com/bruin-data/dac/pkg/dashboard/metrics.go:379.55,380.22 1 1
github.com/bruin-data/dac/pkg/dashboard/metrics.go:380.22,382.3 1 1
github.com/bruin-data/dac/pkg/dashboard/metrics.go:384.2,385.24 2 1
github.com/bruin-data/dac/pkg/dashboard/metrics.go:385.24,387.3 1 1
github.com/bruin-data/dac/pkg/dashboard/metrics.go:388.2,391.27 3 1
github.com/bruin-data/dac/pkg/dashboard/metrics.go:391.27,393.3 1 1
github.com/bruin-data/dac/pkg/dashboard/metrics.go:394.2,394.37 1 1
github.com/bruin-data/dac/pkg/dashboard/metrics.go:397.72,398.50 1 1
github.com/bruin-data/dac/pkg/dashboard/metrics.go:398.50,400.3 1 1
github.com/bruin-data/dac/pkg/dashboard/metrics.go:401.2,403.30 3 1
github.com/bruin-data/dac/pkg/dashboard/metrics.go:403.30,405.3 1 1
github.com/bruin-data/dac/pkg/dashboard/metrics.go:407.2,408.29 2 1
github.com/bruin-data/dac/pkg/dashboard/metrics.go:408.29,410.3 1 1
github.com/bruin-data/dac/pkg/dashboard/metrics.go:412.2,412.71 1 1
github.com/bruin-data/dac/pkg/dashboard/metrics.go:418.82,421.16 3 1
github.com/bruin-data/dac/pkg/dashboard/metrics.go:421.16,423.3 1 1
github.com/bruin-data/dac/pkg/dashboard/metrics.go:424.2,425.26 2 1
github.com/bruin-data/dac/pkg/dashboard/metrics.go:425.26,427.3 1 1
github.com/bruin-data/dac/pkg/dashboard/metrics.go:428.2,428.49 1 1
github.com/bruin-data/dac/pkg/dashboard/metrics.go:428.49,430.3 1 0
github.com/bruin-data/dac/pkg/dashboard/metrics.go:431.2,431.20 1 1
github.com/bruin-data/dac/pkg/dashboard/metrics.go:440.34,441.52 1 1
github.com/bruin-data/dac/pkg/dashboard/metrics.go:441.52,443.3 1 1
github.com/bruin-data/dac/pkg/dashboard/metrics.go:447.51,449.16 2 1
github.com/bruin-data/dac/pkg/dashboard/metrics.go:449.16,451.3 1 1
github.com/bruin-data/dac/pkg/dashboard/metrics.go:452.2,452.6 1 1
github.com/bruin-data/dac/pkg/dashboard/metrics.go:452.6,454.28 2 1
github.com/bruin-data/dac/pkg/dashboard/metrics.go:454.28,455.9 1 1
github.com/bruin-data/dac/pkg/dashboard/metrics.go:457.3,458.29 2 1
github.com/bruin-data/dac/pkg/dashboard/metrics.go:458.29,459.9 1 1
github.com/bruin-data/dac/pkg/dashboard/metrics.go:461.3,463.17 3 1
github.com/bruin-data/dac/pkg/dashboard/metrics.go:463.17,465.4 1 1
github.com/bruin-data/dac/pkg/dashboard/metrics.go:466.3,466.16 1 1
github.com/bruin-data/dac/pkg/dashboard/metrics.go:466.16,468.4 1 1
github.com/bruin-data/dac/pkg/dashboard/metrics.go:468.9,470.4 1 1
github.com/bruin-data/dac/pkg/dashboard/metrics.go:472.2,472.18 1 1
github.com/bruin-data/dac/pkg/dashboard/metrics.go:476.51,478.16 2 1
github.com/bruin-data/dac/pkg/dashboard/metrics.go:478.16,480.3 1 1
github.com/bruin-data/dac/pkg/dashboard/metrics.go:481.2,481.6 1 1
github.com/bruin-data/dac/pkg/dashboard/metrics.go:481.6,483.28 2 1
github.com/bruin-data/dac/pkg/dashboard/metrics.go:483.28,484.9 1 1
github.com/bruin-data/dac/pkg/dashboard/metrics.go:486.3,487.29 2 1
github.com/bruin-data/dac/pkg/dashboard/metrics.go:487.29,488.9 1 1
github.com/bruin-data/dac/pkg/dashboard/metrics.go:490.3,492.17 3 1
github.com/bruin-data/dac/pkg/dashboard/metrics.go:492.17,494.4 1 0
github.com/bruin-data/dac/pkg/dashboard/metrics.go:495.3,495.16 1 1
github.com/bruin-data/dac/pkg/dashboard/metrics.go:495.16,497.4 1 1
github.com/bruin-data/dac/pkg/dashboard/metrics.go:497.9,498.18 1 1
github.com/bruin-data/dac/pkg/dashboard/metrics.go:498.18,500.5 1 1
github.com/bruin-data/dac/pkg/dashboard/metrics.go:501.4,501.17 1 1
github.com/bruin-data/dac/pkg/dashboard/metrics.go:504.2,504.18 1 1
github.com/bruin-data/dac/pkg/dashboard/metrics.go:508.53,510.27 2 1
github.com/bruin-data/dac/pkg/dashboard/metrics.go:510.27,512.3 1 1
github.com/bruin-data/dac/pkg/dashboard/metrics.go:515.2,515.27 1 1
github.com/bruin-data/dac/pkg/dashboard/metrics.go:515.27,518.17 3 1
github.com/bruin-data/dac/pkg/dashboard/metrics.go:518.17,520.4 1 0
github.com/bruin-data/dac/pkg/dashboard/metrics.go:521.3,521.19 1 1
github.com/bruin-data/dac/pkg/dashboard/metrics.go:525.2,525.27 1 1
github.com/bruin-data/dac/pkg/dashboard/metrics.go:525.27,528.17 3 1
github.com/bruin-data/dac/pkg/dashboard/metrics.go:528.17,530.4 1 0
github.com/bruin-data/dac/pkg/dashboard/metrics.go:531.3,532.53 2 1
github.com/bruin-data/dac/pkg/dashboard/metrics.go:532.53,534.4 1 1
github.com/bruin-data/dac/pkg/dashboard/metrics.go:535.3,536.18 2 1
github.com/bruin-data/dac/pkg/dashboard/metrics.go:540.2,540.77 1 1
github.com/bruin-data/dac/pkg/dashboard/metrics.go:540.77,542.3 1 1
github.com/bruin-data/dac/pkg/dashboard/metrics.go:545.2,546.16 2 1
github.com/bruin-data/dac/pkg/dashboard/metrics.go:546.16,548.3 1 1
github.com/bruin-data/dac/pkg/dashboard/metrics.go:549.2,550.9 2 1
github.com/bruin-data/dac/pkg/dashboard/metrics.go:550.9,552.3 1 1
github.com/bruin-data/dac/pkg/dashboard/metrics.go:553.2,553.17 1 1
github.com/bruin-data/dac/pkg/dashboard/metrics.go:556.53,558.104 2 1
github.com/bruin-data/dac/pkg/dashboard/metrics.go:558.104,560.3 1 1
github.com/bruin-data/dac/pkg/dashboard/metrics.go:561.2,563.16 3 1
github.com/bruin-data/dac/pkg/dashboard/metrics.go:563.16,565.3 1 0
github.com/bruin-data/dac/pkg/dashboard/metrics.go:566.2,566.17 1 1
github.com/bruin-data/dac/pkg/dashboard/metrics.go:569.42,571.27 2 1
github.com/bruin-data/dac/pkg/dashboard/metrics.go:571.27,573.82 2 1
github.com/bruin-data/dac/pkg/dashboard/metrics.go:573.82,575.4 1 1
github.com/bruin-data/dac/pkg/dashboard/metrics.go:575.9,576.9 1 1
github.com/bruin-data/dac/pkg/dashboard/metrics.go:579.2,579.29 1 1
github.com/bruin-data/dac/pkg/dashboard/model.go:74.38,76.2 1 1
github.com/bruin-data/dac/pkg/dashboard/model.go:85.37,87.2 1 1
github.com/bruin-data/dac/pkg/dashboard/model.go:164.53,166.30 2 0
github.com/bruin-data/dac/pkg/dashboard/model.go:166.30,167.23 1 0
github.com/bruin-data/dac/pkg/dashboard/model.go:167.23,169.30 2 0
github.com/bruin-data/dac/pkg/dashboard/model.go:169.30,170.39 1 0
github.com/bruin-data/dac/pkg/dashboard/model.go:170.39,171.64 1 0
github.com/bruin-data/dac/pkg/dashboard/model.go:171.64,173.7 1 0
github.com/bruin-data/dac/pkg/dashboard/model.go:176.4,176.26 1 0
github.com/bruin-data/dac/pkg/dashboard/model.go:179.2,179.17 1 0
github.com/bruin-data/dac/pkg/dashboard/model.go:184.51,188.13 3 0
github.com/bruin-data/dac/pkg/dashboard/model.go:189.15,190.54 1 0
github.com/bruin-data/dac/pkg/dashboard/model.go:191.19,193.46 2 0
github.com/bruin-data/dac/pkg/dashboard/model.go:194.21,195.91 1 0
github.com/bruin-data/dac/pkg/dashboard/model.go:196.22,197.92 1 0
github.com/bruin-data/dac/pkg/dashboard/model.go:198.22,199.92 1 0
github.com/bruin-data/dac/pkg/dashboard/model.go:200.20,203.94 3 0
github.com/bruin-data/dac/pkg/dashboard/model.go:204.20,207.94 3 0
github.com/bruin-data/dac/pkg/dashboard/model.go:208.22,212.94 4 0
github.com/bruin-data/dac/pkg/dashboard/model.go:213.19,214.114 1 0
github.com/bruin-data/dac/pkg/dashboard/model.go:215.22,216.84 1 0
github.com/bruin-data/dac/pkg/dashboard/model.go:217.18,218.68 1 0
github.com/bruin-data/dac/pkg/dashboard/model.go:219.10,220.13 1 0
github.com/bruin-data/dac/pkg/dashboard/model.go:225.50,226.30 1 0
github.com/bruin-data/dac/pkg/dashboard/model.go:226.30,227.29 1 0
github.com/bruin-data/dac/pkg/dashboard/model.go:227.29,229.4 1 0
github.com/bruin-data/dac/pkg/dashboard/model.go:231.2,231.11 1 0
github.com/bruin-data/dac/pkg/dashboard/model.go:236.47,237.50 1 0
github.com/bruin-data/dac/pkg/dashboard/model.go:237.50,239.3 1 0
github.com/bruin-data/dac/pkg/dashboard/model.go:240.2,240.21 1 0
github.com/bruin-data/dac/pkg/dashboard/model.go:244.66,245.31 1 0
github.com/bruin-data/dac/pkg/dashboard/model.go:245.31,246.21 1 0
github.com/bruin-data/dac/pkg/dashboard/model.go:246.21,248.4 1 0
github.com/bruin-data/dac/pkg/dashboard/model.go:250.2,250.12 1 0
github.com/bruin-data/dac/pkg/dashboard/model.go:255.90,256.48 1 0
github.com/bruin-data/dac/pkg/dashboard/model.go:256.48,258.3 1 0
github.com/bruin-data/dac/pkg/dashboard/model.go:260.2,260.9 1 0
github.com/bruin-data/dac/pkg/dashboard/model.go:261.24,263.10 2 0
github.com/bruin-data/dac/pkg/dashboard/model.go:263.10,265.4 1 0
github.com/bruin-data/dac/pkg/dashboard/model.go:266.3,267.17 2 0
github.com/bruin-data/dac/pkg/dashboard/model.go:267.17,269.4 1 0
github.com/bruin-data/dac/pkg/dashboard/model.go:270.3,270.18 1 0
github.com/bruin-data/dac/pkg/dashboard/model.go:270.18,272.4 1 0
github.com/bruin-data/dac/pkg/dashboard/model.go:274.3,274.26 1 0
github.com/bruin-data/dac/pkg/dashboard/model.go:276.19,278.17 2 0
github.com/bruin-data/dac/pkg/dashboard/model.go:278.17,280.4 1 0
github.com/bruin-data/dac/pkg/dashboard/model.go:281.3,281.26 1 0
github.com/bruin-data/dac/pkg/dashboard/model.go:283.20,286.17 2 0
github.com/bruin-data/dac/pkg/dashboard/model.go:286.17,288.4 1 0
github.com/bruin-data/dac/pkg/dashboard/model.go:289.3,289.26 1 0
github.com/bruin-data/dac/pkg/dashboard/model.go:291.10,292.91 1 0
github.com/bruin-data/dac/pkg/dashboard/model.go:292.91,294.4 1 0
github.com/bruin-data/dac/pkg/dashboard/model.go:295.3,295.47 1 0
github.com/bruin-data/dac/pkg/dashboard/model.go:304.45,306.2 1 0
github.com/bruin-data/dac/pkg/dashboard/model.go:312.39,314.2 1 0
github.com/bruin-data/dac/pkg/dashboard/validator.go:14.42,17.2 1 0
github.com/bruin-data/dac/pkg/dashboard/validator.go:20.35,23.18 2 1
github.com/bruin-data/dac/pkg/dashboard/validator.go:23.18,25.3 1 1
github.com/bruin-data/dac/pkg/dashboard/validator.go:27.2,27.22 1 1
github.com/bruin-data/dac/pkg/dashboard/validator.go:27.22,29.3 1 1
github.com/bruin-data/dac/pkg/dashboard/validator.go:31.2,31.29 1 1
github.com/bruin-data/dac/pkg/dashboard/validator.go:31.29,32.28 1 1
github.com/bruin-data/dac/pkg/dashboard/validator.go:32.28,34.12 2 1
github.com/bruin-data/dac/pkg/dashboard/validator.go:37.3,38.33 2 1
github.com/bruin-data/dac/pkg/dashboard/validator.go:38.33,41.20 2 1
github.com/bruin-data/dac/pkg/dashboard/validator.go:41.20,43.5 1 1
github.com/bruin-data/dac/pkg/dashboard/validator.go:45.4,45.20 1 1
github.com/bruin-data/dac/pkg/dashboard/validator.go:45.20,47.5 1 1
github.com/bruin-data/dac/pkg/dashboard/validator.go:50.4,50.18 1 1
github.com/bruin-data/dac/pkg/dashboard/validator.go:51.26,52.64 1 1
github.com/bruin-data/dac/pkg/dashboard/validator.go:53.25,54.63 1 1
github.com/bruin-data/dac/pkg/dashboard/validator.go:55.25,57.63 1 1
github.com/bruin-data/dac/pkg/dashboard/validator.go:58.24,59.24 1 1
github.com/bruin-data/dac/pkg/dashboard/validator.go:59.24,61.6 1 1
github.com/bruin-data/dac/pkg/dashboard/validator.go:62.27,62.27 0 0
github.com/bruin-data/dac/pkg/dashboard/validator.go:64.25,65.20 1 0
github.com/bruin-data/dac/pkg/dashboard/validator.go:65.20,67.6 1 0
github.com/bruin-data/dac/pkg/dashboard/validator.go:68.12,68.12 0 1
github.com/bruin-data/dac/pkg/dashboard/validator.go:70.12,71.140 1 0
github.com/bruin-data/dac/pkg/dashboard/validator.go:74.4,74.31 1 1
github.com/bruin-data/dac/pkg/dashboard/validator.go:74.31,76.5 1 0
github.com/bruin-data/dac/pkg/dashboard/validator.go:77.4,77.17 1 1
github.com/bruin-data/dac/pkg/dashboard/validator.go:77.17,79.5 1 1
github.com/bruin-data/dac/pkg/dashboard/validator.go:82.3,82.21 1 1
github.com/bruin-data/dac/pkg/dashboard/validator.go:82.21,84.4 1 1
github.com/bruin-data/dac/pkg/dashboard/validator.go:88.2,88.43 1 1
github.com/bruin-data/dac/pkg/dashboard/validator.go:88.43,90.3 1 0
github.com/bruin-data/dac/pkg/dashboard/validator.go:91.2,91.45 1 1
github.com/bruin-data/dac/pkg/dashboard/validator.go:91.45,93.3 1 0
github.com/bruin-data/dac/pkg/dashboard/validator.go:94.2,94.33 1 1
github.com/bruin-data/dac/pkg/dashboard/validator.go:94.33,96.25 2 0
github.com/bruin-data/dac/pkg/dashboard/validator.go:96.25,97.25 1 0
github.com/bruin-data/dac/pkg/dashboard/validator.go:97.25,99.5 1 0
github.com/bruin-data/dac/pkg/dashboard/validator.go:100.9,101.25 1 0
github.com/bruin-data/dac/pkg/dashboard/validator.go:101.25,103.5 1 0
github.com/bruin-data/dac/pkg/dashboard/validator.go:103.10,103.44 1 0
github.com/bruin-data/dac/pkg/dashboard/validator.go:103.44,105.5 1 0
github.com/bruin-data/dac/pkg/dashboard/validator.go:106.4,106.48 1 0
github.com/bruin-data/dac/pkg/dashboard/validator.go:106.48,108.5 1 0
github.com/bruin-data/dac/pkg/dashboard/validator.go:112.2,112.33 1 1
github.com/bruin-data/dac/pkg/dashboard/validator.go:112.33,113.25 1 0
github.com/bruin-data/dac/pkg/dashboard/validator.go:113.25,114.12 1 0
github.com/bruin-data/dac/pkg/dashboard/validator.go:116.3,116.73 1 0
github.com/bruin-data/dac/pkg/dashboard/validator.go:116.73,118.4 1 0
github.com/bruin-data/dac/pkg/dashboard/validator.go:122.2,122.46 1 1
github.com/bruin-data/dac/pkg/dashboard/validator.go:122.46,124.3 1 0
github.com/bruin-data/dac/pkg/dashboard/validator.go:125.2,125.38 1 1
github.com/bruin-data/dac/pkg/dashboard/validator.go:125.38,127.23 2 0
github.com/bruin-data/dac/pkg/dashboard/validator.go:127.23,129.4 1 0
github.com/bruin-data/dac/pkg/dashboard/validator.go:130.3,130.43 1 0
github.com/bruin-data/dac/pkg/dashboard/validator.go:130.43,132.4 1 0
github.com/bruin-data/dac/pkg/dashboard/validator.go:136.2,136.30 1 1
github.com/bruin-data/dac/pkg/dashboard/validator.go:136.30,138.19 2 1
github.com/bruin-data/dac/pkg/dashboard/validator.go:138.19,140.4 1 0
github.com/bruin-data/dac/pkg/dashboard/validator.go:141.3,141.19 1 1
github.com/bruin-data/dac/pkg/dashboard/validator.go:141.19,143.4 1 0
github.com/bruin-data/dac/pkg/dashboard/validator.go:144.3,145.42 2 1
github.com/bruin-data/dac/pkg/dashboard/validator.go:145.42,147.4 1 0
github.com/bruin-data/dac/pkg/dashboard/validator.go:150.2,150.19 1 1
github.com/bruin-data/dac/pkg/dashboard/validator.go:150.19,152.3 1 1
github.com/bruin-data/dac/pkg/dashboard/validator.go:153.2,153.12 1 1
github.com/bruin-data/dac/pkg/dashboard/validator.go:156.75,158.23 2 1
github.com/bruin-data/dac/pkg/dashboard/validator.go:158.23,161.3 1 0
github.com/bruin-data/dac/pkg/dashboard/validator.go:162.2,162.53 1 1
github.com/bruin-data/dac/pkg/dashboard/validator.go:162.53,164.3 1 0
github.com/bruin-data/dac/pkg/dashboard/validator.go:165.2,165.22 1 1
github.com/bruin-data/dac/pkg/dashboard/validator.go:165.22,166.42 1 0
github.com/bruin-data/dac/pkg/dashboard/validator.go:166.42,168.4 1 0
github.com/bruin-data/dac/pkg/dashboard/validator.go:170.2,170.13 1 1
github.com/bruin-data/dac/pkg/dashboard/validator.go:173.75,176.22 2 0
github.com/bruin-data/dac/pkg/dashboard/validator.go:176.22,178.72 2 0
github.com/bruin-data/dac/pkg/dashboard/validator.go:178.72,180.24 2 0
github.com/bruin-data/dac/pkg/dashboard/validator.go:180.24,182.95 2 0
github.com/bruin-data/dac/pkg/dashboard/validator.go:182.95,184.6 1 0
github.com/bruin-data/dac/pkg/dashboard/validator.go:184.11,185.11 1 0
github.com/bruin-data/dac/pkg/dashboard/validator.go:188.4,189.35 2 0
github.com/bruin-data/dac/pkg/dashboard/validator.go:189.35,191.5 1 0
github.com/bruin-data/dac/pkg/dashboard/validator.go:192.9,194.4 1 0
github.com/bruin-data/dac/pkg/dashboard/validator.go:196.2,196.12 1 0
github.com/bruin-data/dac/pkg/dashboard/validator.go:199.76,201.23 2 1
github.com/bruin-data/dac/pkg/dashboard/validator.go:201.23,202.43 1 0
github.com/bruin-data/dac/pkg/dashboard/validator.go:202.43,204.4 1 0
github.com/bruin-data/dac/pkg/dashboard/validator.go:205.3,205.14 1 0
github.com/bruin-data/dac/pkg/dashboard/validator.go:207.2,207.20 1 1
github.com/bruin-data/dac/pkg/dashboard/validator.go:207.20,209.3 1 0
github.com/bruin-data/dac/pkg/dashboard/validator.go:210.2,210.13 1 1
github.com/bruin-data/dac/pkg/dashboard/validator.go:221.75,223.19 2 1
github.com/bruin-data/dac/pkg/dashboard/validator.go:223.19,226.3 2 1
github.com/bruin-data/dac/pkg/dashboard/validator.go:227.2,227.31 1 1
github.com/bruin-data/dac/pkg/dashboard/validator.go:227.31,230.3 2 0
github.com/bruin-data/dac/pkg/dashboard/validator.go:233.2,233.48 1 1
github.com/bruin-data/dac/pkg/dashboard/validator.go:233.48,234.24 1 0
github.com/bruin-data/dac/pkg/dashboard/validator.go:234.24,236.4 1 0
github.com/bruin-data/dac/pkg/dashboard/validator.go:236.9,236.53 1 0
github.com/bruin-data/dac/pkg/dashboard/validator.go:236.53,238.4 1 0
github.com/bruin-data/dac/pkg/dashboard/validator.go:239.3,239.29 1 0
github.com/bruin-data/dac/pkg/dashboard/validator.go:239.29,241.4 1 0
github.com/bruin-data/dac/pkg/dashboard/validator.go:242.3,242.36 1 0
github.com/bruin-data/dac/pkg/dashboard/validator.go:242.36,243.36 1 0
github.com/bruin-data/dac/pkg/dashboard/validator.go:243.36,245.5 1 0
github.com/bruin-data/dac/pkg/dashboard/validator.go:247.3,247.14 1 0
github.com/bruin-data/dac/pkg/dashboard/validator.go:250.2,250.17 1 1
github.com/bruin-data/dac/pkg/dashboard/validator.go:251.23,253.20 1 1
github.com/bruin-data/dac/pkg/dashboard/validator.go:253.20,255.4 1 0
github.com/bruin-data/dac/pkg/dashboard/validator.go:256.3,256.20 1 1
github.com/bruin-data/dac/pkg/dashboard/validator.go:256.20,258.4 1 0
github.com/bruin-data/dac/pkg/dashboard/validator.go:260.16,262.21 1 0
github.com/bruin-data/dac/pkg/dashboard/validator.go:262.21,264.4 1 0
github.com/bruin-data/dac/pkg/dashboard/validator.go:265.3,265.21 1 0
github.com/bruin-data/dac/pkg/dashboard/validator.go:265.21,267.4 1 0
github.com/bruin-data/dac/pkg/dashboard/validator.go:268.3,268.20 1 0
github.com/bruin-data/dac/pkg/dashboard/validator.go:268.20,270.4 1 0
github.com/bruin-data/dac/pkg/dashboard/validator.go:272.17,274.16 1 0
github.com/bruin-data/dac/pkg/dashboard/validator.go:274.16,276.4 1 0
github.com/bruin-data/dac/pkg/dashboard/validator.go:277.3,277.20 1 0
github.com/bruin-data/dac/pkg/dashboard/validator.go:277.20,279.4 1 0
github.com/bruin-data/dac/pkg/dashboard/validator.go:280.3,280.20 1 0
github.com/bruin-data/dac/pkg/dashboard/validator.go:280.20,282.4 1 0
github.com/bruin-data/dac/pkg/dashboard/validator.go:284.18,286.16 1 0
github.com/bruin-data/dac/pkg/dashboard/validator.go:286.16,288.4 1 0
github.com/bruin-data/dac/pkg/dashboard/validator.go:289.3,289.20 1 0
github.com/bruin-data/dac/pkg/dashboard/validator.go:289.20,291.4 1 0
github.com/bruin-data/dac/pkg/dashboard/validator.go:293.19,295.16 1 0
github.com/bruin-data/dac/pkg/dashboard/validator.go:295.16,297.4 1 0
github.com/bruin-data/dac/pkg/dashboard/validator.go:299.16,301.16 1 0
github.com/bruin-data/dac/pkg/dashboard/validator.go:301.16,303.4 1 0
github.com/bruin-data/dac/pkg/dashboard/validator.go:304.3,304.20 1 0
github.com/bruin-data/dac/pkg/dashboard/validator.go:304.20,306.4 1 0
github.com/bruin-data/dac/pkg/dashboard/validator.go:307.3,307.19 1 0
github.com/bruin-data/dac/pkg/dashboard/validator.go:307.19,309.4 1 0
github.com/bruin-data/dac/pkg/dashboard/validator.go:311.10,314.16 1 1
github.com/bruin-data/dac/pkg/dashboard/validator.go:314.16,316.4 1 0
github.com/bruin-data/dac/pkg/dashboard/validator.go:317.3,317.20 1 1
github.com/bruin-data/dac/pkg/dashboard/validator.go:317.20,319.4 1 0
github.com/bruin-data/dac/pkg/dashboard/validator.go:322.2,322.13 1 1
